#
# There is insufficient memory for the Java Runtime Environment to continue.
# Native memory allocation (malloc) failed to allocate 172256 bytes for Chunk::new
# Possible reasons:
#   The system is out of physical RAM or swap space
#   In 32 bit mode, the process size limit was hit
# Possible solutions:
#   Reduce memory load on the system
#   Increase physical memory or swap space
#   Check if swap backing store is full
#   Use 64 bit Java on a 64 bit OS
#   Decrease Java heap size (-Xmx/-Xms)
#   Decrease number of Java threads
#   Decrease Java thread stack sizes (-Xss)
#   Set larger code cache with -XX:ReservedCodeCacheSize=
# This output file may be truncated or incomplete.
#
#  Out of Memory Error (allocation.cpp:390), pid=9696, tid=14040
#
# JRE version: Java(TM) SE Runtime Environment (8.0_25-b18) (build 1.8.0_25-b18)
# Java VM: Java HotSpot(TM) 64-Bit Server VM (25.25-b02 mixed mode windows-amd64 compressed oops)
# Failed to write core dump. Minidumps are not enabled by default on client versions of Windows
#

---------------  T H R E A D  ---------------

Current thread (0x0000000016ea6000):  JavaThread "C2 CompilerThread1" daemon [_thread_in_native, id=14040, stack(0x0000000018600000,0x0000000018700000)]

Stack: [0x0000000018600000,0x0000000018700000]
Native frames: (J=compiled Java code, j=interpreted, Vv=VM code, C=native code)
V  [jvm.dll+0x31667a]
V  [jvm.dll+0x267073]
V  [jvm.dll+0x267cb3]
V  [jvm.dll+0x25f5b5]
V  [jvm.dll+0xbf165]
V  [jvm.dll+0xbf60c]
V  [jvm.dll+0x45d672]
V  [jvm.dll+0x49e8ef]
V  [jvm.dll+0x4524ef]
V  [jvm.dll+0x453864]
V  [jvm.dll+0x437372]
V  [jvm.dll+0x98a02]
V  [jvm.dll+0x991f3]
V  [jvm.dll+0x22bde4]
V  [jvm.dll+0x2852fa]
C  [msvcr100.dll+0x21d9f]
C  [msvcr100.dll+0x21e3b]
C  [KERNEL32.DLL+0x11fe4]
C  [ntdll.dll+0x6efc1]


Current CompileTask:
C2:  32179 1976   !   4       java.awt.Component::firePropertyChange (59 bytes)


---------------  P R O C E S S  ---------------

Java Threads: ( => current thread )
  0x000000001a19e000 JavaThread "Thread-17" [_thread_in_Java, id=13476, stack(0x000000001cf80000,0x000000001d080000)]
  0x000000001a1a3800 JavaThread "Thread-16" [_thread_blocked, id=6956, stack(0x000000001ce80000,0x000000001cf80000)]
  0x000000001a19d000 JavaThread "Thread-15" [_thread_blocked, id=11524, stack(0x000000001cd80000,0x000000001ce80000)]
  0x000000001a1a2800 JavaThread "Thread-14" [_thread_blocked, id=14648, stack(0x000000001cc80000,0x000000001cd80000)]
  0x000000001a1a4000 JavaThread "Thread-13" [_thread_blocked, id=7184, stack(0x000000001cb80000,0x000000001cc80000)]
  0x000000001a19f800 JavaThread "Thread-12" [_thread_blocked, id=5080, stack(0x000000001ca80000,0x000000001cb80000)]
  0x000000001a1a2000 JavaThread "Thread-11" [_thread_blocked, id=9716, stack(0x000000001c980000,0x000000001ca80000)]
  0x000000001a19f000 JavaThread "Thread-10" [_thread_blocked, id=9452, stack(0x000000001c880000,0x000000001c980000)]
  0x000000001a1a1000 JavaThread "Thread-9" [_thread_blocked, id=6060, stack(0x000000001c780000,0x000000001c880000)]
  0x000000001a1a0800 JavaThread "Thread-8" [_thread_blocked, id=7844, stack(0x000000001c680000,0x000000001c780000)]
  0x0000000019e13000 JavaThread "Thread-7" [_thread_blocked, id=13596, stack(0x000000001c580000,0x000000001c680000)]
  0x0000000019e12000 JavaThread "Thread-6" [_thread_blocked, id=11260, stack(0x000000001c480000,0x000000001c580000)]
  0x0000000019e10800 JavaThread "Thread-5" [_thread_blocked, id=352, stack(0x000000001c380000,0x000000001c480000)]
  0x000000001a191000 JavaThread "Thread-4" [_thread_blocked, id=5548, stack(0x000000001c080000,0x000000001c180000)]
  0x0000000019ed1000 JavaThread "Swing-Shell" daemon [_thread_blocked, id=2512, stack(0x000000001bb80000,0x000000001bc80000)]
  0x0000000019da7000 JavaThread "TimerQueue" daemon [_thread_blocked, id=9032, stack(0x000000001b980000,0x000000001ba80000)]
  0x000000000059d800 JavaThread "DestroyJavaVM" [_thread_blocked, id=2628, stack(0x00000000046d0000,0x00000000047d0000)]
  0x0000000019b4e800 JavaThread "AWT-EventQueue-0" [_thread_in_native, id=14936, stack(0x000000001a670000,0x000000001a770000)]
  0x0000000019af7800 JavaThread "AWT-Shutdown" [_thread_blocked, id=13588, stack(0x000000001a570000,0x000000001a670000)]
  0x0000000018bb0000 JavaThread "AWT-Windows" daemon [_thread_in_native, id=2488, stack(0x00000000194a0000,0x00000000195a0000)]
  0x0000000018bae800 JavaThread "Java2D Disposer" daemon [_thread_blocked, id=1888, stack(0x00000000191f0000,0x00000000192f0000)]
  0x0000000016efb800 JavaThread "Service Thread" daemon [_thread_blocked, id=15036, stack(0x0000000018c00000,0x0000000018d00000)]
  0x0000000016eba000 JavaThread "C1 CompilerThread2" daemon [_thread_in_native, id=4336, stack(0x0000000018700000,0x0000000018800000)]
=>0x0000000016ea6000 JavaThread "C2 CompilerThread1" daemon [_thread_in_native, id=14040, stack(0x0000000018600000,0x0000000018700000)]
  0x0000000016e9f800 JavaThread "C2 CompilerThread0" daemon [_thread_in_native, id=8500, stack(0x0000000018500000,0x0000000018600000)]
  0x0000000016e9c800 JavaThread "Attach Listener" daemon [_thread_blocked, id=12004, stack(0x0000000018400000,0x0000000018500000)]
  0x0000000016e9b800 JavaThread "Signal Dispatcher" daemon [_thread_blocked, id=11284, stack(0x0000000018300000,0x0000000018400000)]
  0x00000000048c4800 JavaThread "Finalizer" daemon [_thread_blocked, id=13176, stack(0x0000000018100000,0x0000000018200000)]
  0x00000000048bd000 JavaThread "Reference Handler" daemon [_thread_blocked, id=12184, stack(0x0000000018000000,0x0000000018100000)]

Other Threads:
  0x0000000016e66000 VMThread [stack: 0x0000000017f00000,0x0000000018000000] [id=9964]
  0x0000000016efd000 WatcherThread [stack: 0x0000000018d00000,0x0000000018e00000] [id=10728]

VM state:not at safepoint (normal execution)

VM Mutex/Monitor currently owned by a thread: None

Heap:
 PSYoungGen      total 18944K, used 9044K [0x00000000eb400000, 0x00000000ec900000, 0x0000000100000000)
  eden space 16384K, 39% used [0x00000000eb400000,0x00000000eba59568,0x00000000ec400000)
  from space 2560K, 99% used [0x00000000ec680000,0x00000000ec8fbc90,0x00000000ec900000)
  to   space 2560K, 0% used [0x00000000ec400000,0x00000000ec400000,0x00000000ec680000)
 ParOldGen       total 44032K, used 11365K [0x00000000c1c00000, 0x00000000c4700000, 0x00000000eb400000)
  object space 44032K, 25% used [0x00000000c1c00000,0x00000000c27197f0,0x00000000c4700000)
 Metaspace       used 17830K, capacity 18066K, committed 18304K, reserved 1064960K
  class space    used 2306K, capacity 2371K, committed 2432K, reserved 1048576K

Card table byte_map: [0x0000000013c90000,0x0000000013e90000] byte_map_base: 0x0000000013682000

Marking Bits: (ParMarkBitMap*) 0x000000005d88d490
 Begin Bits: [0x00000000143e0000, 0x0000000015370000)
 End Bits:   [0x0000000015370000, 0x0000000016300000)

Polling page: 0x0000000004640000

CodeCache: size=245760Kb used=6178Kb max_used=6178Kb free=239581Kb
 bounds [0x00000000048d0000, 0x0000000004ee0000, 0x00000000138d0000]
 total_blobs=2567 nmethods=1972 adapters=506
 compilation: enabled

Compilation events (10 events):
Event: 31.880 Thread 0x0000000016eba000 nmethod 1996 0x0000000004e8bf90 code [0x0000000004e8c100, 0x0000000004e8c310]
Event: 31.880 Thread 0x0000000016eba000 1998       3       cloudsim.ext.InternetCloudlet::getDataSize (6 bytes)
Event: 31.881 Thread 0x0000000016eba000 nmethod 1998 0x0000000004e8c410 code [0x0000000004e8c560, 0x0000000004e8c790]
Event: 31.881 Thread 0x0000000016eba000 1999       3       cloudsim.ext.event.CloudSimEvent::addParameter (31 bytes)
Event: 31.882 Thread 0x0000000016eba000 nmethod 1999 0x0000000004e8c850 code [0x0000000004e8c9e0, 0x0000000004e8cdc8]
Event: 31.883 Thread 0x0000000016eba000 2000       3       cloudsim.Cloudlet::getCloudletId (5 bytes)
Event: 31.883 Thread 0x0000000016eba000 nmethod 2000 0x0000000004e8cf90 code [0x0000000004e8d0e0, 0x0000000004e8d2d0]
Event: 31.883 Thread 0x0000000016eba000 1997       1       sun.java2d.SunGraphics2D::getPaint (5 bytes)
Event: 31.884 Thread 0x0000000016eba000 nmethod 1997 0x0000000004bfee10 code [0x0000000004bfef60, 0x0000000004bff070]
Event: 31.887 Thread 0x0000000016eba000 2001  s    3       eduni.simjava.Sim_system::send (128 bytes)

GC Heap History (4 events):
Event: 3.294 GC heap before
{Heap before GC invocations=1 (full 0):
 PSYoungGen      total 18944K, used 13002K [0x00000000eb400000, 0x00000000ec900000, 0x0000000100000000)
  eden space 16384K, 79% used [0x00000000eb400000,0x00000000ec0b2918,0x00000000ec400000)
  from space 2560K, 0% used [0x00000000ec680000,0x00000000ec680000,0x00000000ec900000)
  to   space 2560K, 0% used [0x00000000ec400000,0x00000000ec400000,0x00000000ec680000)
 ParOldGen       total 44032K, used 0K [0x00000000c1c00000, 0x00000000c4700000, 0x00000000eb400000)
  object space 44032K, 0% used [0x00000000c1c00000,0x00000000c1c00000,0x00000000c4700000)
 Metaspace       used 11675K, capacity 11840K, committed 12160K, reserved 1060864K
  class space    used 1512K, capacity 1572K, committed 1664K, reserved 1048576K
Event: 3.314 GC heap after
Heap after GC invocations=1 (full 0):
 PSYoungGen      total 18944K, used 2559K [0x00000000eb400000, 0x00000000ec900000, 0x0000000100000000)
  eden space 16384K, 0% used [0x00000000eb400000,0x00000000eb400000,0x00000000ec400000)
  from space 2560K, 99% used [0x00000000ec400000,0x00000000ec67fc80,0x00000000ec680000)
  to   space 2560K, 0% used [0x00000000ec680000,0x00000000ec680000,0x00000000ec900000)
 ParOldGen       total 44032K, used 6027K [0x00000000c1c00000, 0x00000000c4700000, 0x00000000eb400000)
  object space 44032K, 13% used [0x00000000c1c00000,0x00000000c21e2e60,0x00000000c4700000)
 Metaspace       used 11675K, capacity 11840K, committed 12160K, reserved 1060864K
  class space    used 1512K, capacity 1572K, committed 1664K, reserved 1048576K
}
Event: 31.231 GC heap before
{Heap before GC invocations=2 (full 0):
 PSYoungGen      total 18944K, used 18928K [0x00000000eb400000, 0x00000000ec900000, 0x0000000100000000)
  eden space 16384K, 99% used [0x00000000eb400000,0x00000000ec3fc6f0,0x00000000ec400000)
  from space 2560K, 99% used [0x00000000ec400000,0x00000000ec67fc80,0x00000000ec680000)
  to   space 2560K, 0% used [0x00000000ec680000,0x00000000ec680000,0x00000000ec900000)
 ParOldGen       total 44032K, used 6027K [0x00000000c1c00000, 0x00000000c4700000, 0x00000000eb400000)
  object space 44032K, 13% used [0x00000000c1c00000,0x00000000c21e2e60,0x00000000c4700000)
 Metaspace       used 17348K, capacity 17574K, committed 17792K, reserved 1064960K
  class space    used 2273K, capacity 2337K, committed 2432K, reserved 1048576K
Event: 31.251 GC heap after
Heap after GC invocations=2 (full 0):
 PSYoungGen      total 18944K, used 2543K [0x00000000eb400000, 0x00000000ec900000, 0x0000000100000000)
  eden space 16384K, 0% used [0x00000000eb400000,0x00000000eb400000,0x00000000ec400000)
  from space 2560K, 99% used [0x00000000ec680000,0x00000000ec8fbc90,0x00000000ec900000)
  to   space 2560K, 0% used [0x00000000ec400000,0x00000000ec400000,0x00000000ec680000)
 ParOldGen       total 44032K, used 11365K [0x00000000c1c00000, 0x00000000c4700000, 0x00000000eb400000)
  object space 44032K, 25% used [0x00000000c1c00000,0x00000000c27197f0,0x00000000c4700000)
 Metaspace       used 17348K, capacity 17574K, committed 17792K, reserved 1064960K
  class space    used 2273K, capacity 2337K, committed 2432K, reserved 1048576K
}

Deoptimization events (10 events):
Event: 1.687 Thread 0x000000000059d800 Uncommon trap: reason=class_check action=maybe_recompile pc=0x0000000004a9425c method=java.lang.String.equals(Ljava/lang/Object;)Z @ 8
Event: 1.691 Thread 0x000000000059d800 Uncommon trap: reason=class_check action=maybe_recompile pc=0x0000000004a9425c method=java.lang.String.equals(Ljava/lang/Object;)Z @ 8
Event: 1.692 Thread 0x000000000059d800 Uncommon trap: reason=class_check action=maybe_recompile pc=0x0000000004a9425c method=java.lang.String.equals(Ljava/lang/Object;)Z @ 8
Event: 1.696 Thread 0x000000000059d800 Uncommon trap: reason=class_check action=maybe_recompile pc=0x0000000004a9425c method=java.lang.String.equals(Ljava/lang/Object;)Z @ 8
Event: 5.291 Thread 0x0000000019b4e800 Uncommon trap: reason=bimorphic action=maybe_recompile pc=0x0000000004bfff54 method=javax.swing.UIDefaults.getFromHashtable(Ljava/lang/Object;)Ljava/lang/Object; @ 126
Event: 5.312 Thread 0x0000000019b4e800 Uncommon trap: reason=bimorphic action=maybe_recompile pc=0x0000000004bfff54 method=javax.swing.UIDefaults.getFromHashtable(Ljava/lang/Object;)Ljava/lang/Object; @ 126
Event: 5.316 Thread 0x0000000019b4e800 Uncommon trap: reason=bimorphic action=maybe_recompile pc=0x0000000004bfff54 method=javax.swing.UIDefaults.getFromHashtable(Ljava/lang/Object;)Ljava/lang/Object; @ 126
Event: 5.320 Thread 0x0000000019b4e800 Uncommon trap: reason=bimorphic action=maybe_recompile pc=0x0000000004bfff54 method=javax.swing.UIDefaults.getFromHashtable(Ljava/lang/Object;)Ljava/lang/Object; @ 126
Event: 5.334 Thread 0x0000000019b4e800 Uncommon trap: reason=bimorphic action=maybe_recompile pc=0x0000000004be3970 method=javax.swing.UIDefaults.getFromHashtable(Ljava/lang/Object;)Ljava/lang/Object; @ 126
Event: 5.659 Thread 0x0000000019b4e800 Uncommon trap: reason=unloaded action=reinterpret pc=0x0000000004a80090 method=java.lang.CharacterData.of(I)Ljava/lang/CharacterData; @ 96

Internal exceptions (10 events):
Event: 31.426 Thread 0x000000001a191000 Exception <a 'java/security/PrivilegedActionException'> (0x00000000eb51de08) thrown at [D:\re\workspace\8-2-build-windows-amd64-cygwin\jdk8u25\1677\hotspot\src\share\vm\prims\jvm.cpp, line 1312]
Event: 31.438 Thread 0x000000001a1a2000 Exception <a 'java/security/PrivilegedActionException'> (0x00000000eb59b220) thrown at [D:\re\workspace\8-2-build-windows-amd64-cygwin\jdk8u25\1677\hotspot\src\share\vm\prims\jvm.cpp, line 1312]
Event: 31.440 Thread 0x0000000019e13000 Exception <a 'java/security/PrivilegedActionException'> (0x00000000eb538c98) thrown at [D:\re\workspace\8-2-build-windows-amd64-cygwin\jdk8u25\1677\hotspot\src\share\vm\prims\jvm.cpp, line 1312]
Event: 31.451 Thread 0x000000001a19f800 Exception <a 'java/security/PrivilegedActionException'> (0x00000000eb57bc70) thrown at [D:\re\workspace\8-2-build-windows-amd64-cygwin\jdk8u25\1677\hotspot\src\share\vm\prims\jvm.cpp, line 1312]
Event: 31.455 Thread 0x000000001a1a4000 Exception <a 'java/security/PrivilegedActionException'> (0x00000000eb56a3e0) thrown at [D:\re\workspace\8-2-build-windows-amd64-cygwin\jdk8u25\1677\hotspot\src\share\vm\prims\jvm.cpp, line 1312]
Event: 31.465 Thread 0x000000001a19e000 Exception <a 'java/security/PrivilegedActionException'> (0x00000000eb5cc960) thrown at [D:\re\workspace\8-2-build-windows-amd64-cygwin\jdk8u25\1677\hotspot\src\share\vm\prims\jvm.cpp, line 1312]
Event: 31.468 Thread 0x000000001a19e000 Exception <a 'java/security/PrivilegedActionException'> (0x00000000eb5cf0c8) thrown at [D:\re\workspace\8-2-build-windows-amd64-cygwin\jdk8u25\1677\hotspot\src\share\vm\prims\jvm.cpp, line 1312]
Event: 31.479 Thread 0x000000001a19f800 Exception <a 'java/security/PrivilegedActionException'> (0x00000000eb580130) thrown at [D:\re\workspace\8-2-build-windows-amd64-cygwin\jdk8u25\1677\hotspot\src\share\vm\prims\jvm.cpp, line 1312]
Event: 31.483 Thread 0x000000001a1a2000 Exception <a 'java/security/PrivilegedActionException'> (0x00000000eb5a1160) thrown at [D:\re\workspace\8-2-build-windows-amd64-cygwin\jdk8u25\1677\hotspot\src\share\vm\prims\jvm.cpp, line 1312]
Event: 31.487 Thread 0x000000001a1a2000 Exception <a 'java/security/PrivilegedActionException'> (0x00000000eb5a4348) thrown at [D:\re\workspace\8-2-build-windows-amd64-cygwin\jdk8u25\1677\hotspot\src\share\vm\prims\jvm.cpp, line 1312]

Events (10 events):
Event: 31.724 Thread 0x0000000016ea6000 flushing nmethod 0x0000000004b5e0d0
Event: 31.724 Thread 0x0000000016ea6000 flushing nmethod 0x0000000004b61390
Event: 31.724 Thread 0x0000000016ea6000 flushing nmethod 0x0000000004b62750
Event: 31.724 Thread 0x0000000016ea6000 flushing nmethod 0x0000000004b65e50
Event: 31.726 Thread 0x0000000016eba000 flushing nmethod 0x0000000004ba3090
Event: 31.733 Executing VM operation: BulkRevokeBias
Event: 31.733 Executing VM operation: BulkRevokeBias done
Event: 31.734 Thread 0x0000000016eba000 flushing nmethod 0x0000000004c7ed90
Event: 31.734 Thread 0x0000000016eba000 flushing nmethod 0x0000000004c88750
Event: 31.743 Thread 0x0000000016eba000 flushing nmethod 0x0000000004cd2f50


Dynamic libraries:
0x00007ff791150000 - 0x00007ff791184000 	C:\Program Files\Java\jre1.8.0_25\bin\javaw.exe
0x00007ffcd05e0000 - 0x00007ffcd07c0000 	C:\WINDOWS\SYSTEM32\ntdll.dll
0x00007ffcd0190000 - 0x00007ffcd023e000 	C:\WINDOWS\System32\KERNEL32.DLL
0x00007ffcccd60000 - 0x00007ffcccfc6000 	C:\WINDOWS\System32\KERNELBASE.dll
0x00007ffccfaf0000 - 0x00007ffccfb91000 	C:\WINDOWS\System32\ADVAPI32.dll
0x00007ffcce2a0000 - 0x00007ffcce33d000 	C:\WINDOWS\System32\msvcrt.dll
0x00007ffccf990000 - 0x00007ffccf9eb000 	C:\WINDOWS\System32\sechost.dll
0x00007ffcce180000 - 0x00007ffcce29f000 	C:\WINDOWS\System32\RPCRT4.dll
0x00007ffccf780000 - 0x00007ffccf90f000 	C:\WINDOWS\System32\USER32.dll
0x00007ffccd240000 - 0x00007ffccd260000 	C:\WINDOWS\System32\win32u.dll
0x00007ffccdd90000 - 0x00007ffccddb8000 	C:\WINDOWS\System32\GDI32.dll
0x00007ffccd0a0000 - 0x00007ffccd233000 	C:\WINDOWS\System32\gdi32full.dll
0x00007ffccc9e0000 - 0x00007ffccca7b000 	C:\WINDOWS\System32\msvcp_win.dll
0x00007ffccd260000 - 0x00007ffccd356000 	C:\WINDOWS\System32\ucrtbase.dll
0x00007ffcc1260000 - 0x00007ffcc14c9000 	C:\WINDOWS\WinSxS\amd64_microsoft.windows.common-controls_6595b64144ccf1df_6.0.16299.309_none_15cfd4c4935e6b11\COMCTL32.dll
0x00007ffccde70000 - 0x00007ffcce178000 	C:\WINDOWS\System32\combase.dll
0x00007ffcccfd0000 - 0x00007ffccd042000 	C:\WINDOWS\System32\bcryptPrimitives.dll
0x00007ffccfac0000 - 0x00007ffccfaed000 	C:\WINDOWS\System32\IMM32.DLL
0x000000005cf30000 - 0x000000005d002000 	C:\Program Files\Java\jre1.8.0_25\bin\msvcr100.dll
0x000000005d0b0000 - 0x000000005d90a000 	C:\Program Files\Java\jre1.8.0_25\bin\server\jvm.dll
0x00007ffcd0240000 - 0x00007ffcd0248000 	C:\WINDOWS\System32\PSAPI.DLL
0x00007ffcbe4d0000 - 0x00007ffcbe4d9000 	C:\WINDOWS\SYSTEM32\WSOCK32.dll
0x00007ffcc9c70000 - 0x00007ffcc9c93000 	C:\WINDOWS\SYSTEM32\WINMM.dll
0x00007ffcd02c0000 - 0x00007ffcd032c000 	C:\WINDOWS\System32\WS2_32.dll
0x00007ffcc9940000 - 0x00007ffcc996a000 	C:\WINDOWS\SYSTEM32\WINMMBASE.dll
0x00007ffccd050000 - 0x00007ffccd09a000 	C:\WINDOWS\System32\cfgmgr32.dll
0x000000005e240000 - 0x000000005e24f000 	C:\Program Files\Java\jre1.8.0_25\bin\verify.dll
0x000000005dc90000 - 0x000000005dcb8000 	C:\Program Files\Java\jre1.8.0_25\bin\java.dll
0x000000005d090000 - 0x000000005d0a6000 	C:\Program Files\Java\jre1.8.0_25\bin\zip.dll
0x00007ffcce340000 - 0x00007ffccf776000 	C:\WINDOWS\System32\SHELL32.dll
0x00007ffccddc0000 - 0x00007ffccde66000 	C:\WINDOWS\System32\shcore.dll
0x00007ffccd360000 - 0x00007ffccdaa7000 	C:\WINDOWS\System32\windows.storage.dll
0x00007ffccdbe0000 - 0x00007ffccdc31000 	C:\WINDOWS\System32\shlwapi.dll
0x00007ffccc9a0000 - 0x00007ffccc9b1000 	C:\WINDOWS\System32\kernel.appcore.dll
0x00007ffccc950000 - 0x00007ffccc99c000 	C:\WINDOWS\System32\powrprof.dll
0x00007ffccc930000 - 0x00007ffccc94b000 	C:\WINDOWS\System32\profapi.dll
0x000000005cd90000 - 0x000000005cf28000 	C:\Program Files\Java\jre1.8.0_25\bin\awt.dll
0x00007ffccf9f0000 - 0x00007ffccfab5000 	C:\WINDOWS\System32\OLEAUT32.dll
0x00007ffcca270000 - 0x00007ffcca2f8000 	C:\WINDOWS\SYSTEM32\apphelp.dll
0x00007ffccadc0000 - 0x00007ffccadea000 	C:\WINDOWS\system32\DWMAPI.DLL
0x00007ffccab50000 - 0x00007ffccabe5000 	C:\WINDOWS\system32\uxtheme.dll
0x00007ffcd0440000 - 0x00007ffcd05a7000 	C:\WINDOWS\System32\MSCTF.dll
0x00007ffcb43b0000 - 0x00007ffcb4459000 	C:\Program Files\Common Files\microsoft shared\ink\tiptsf.dll
0x00007ffccdc40000 - 0x00007ffccdd89000 	C:\WINDOWS\System32\ole32.dll
0x000000005cd40000 - 0x000000005cd87000 	C:\Program Files\Java\jre1.8.0_25\bin\fontmanager.dll
0x000000005d070000 - 0x000000005d08a000 	C:\Program Files\Java\jre1.8.0_25\bin\net.dll
0x00007ffccc160000 - 0x00007ffccc1c6000 	C:\WINDOWS\system32\mswsock.dll
0x000000005d050000 - 0x000000005d061000 	C:\Program Files\Java\jre1.8.0_25\bin\nio.dll
0x000000005ccf0000 - 0x000000005cd31000 	C:\Program Files\Java\jre1.8.0_25\bin\t2k.dll
0x00007ffccc320000 - 0x00007ffccc337000 	C:\WINDOWS\SYSTEM32\CRYPTSP.dll
0x00007ffccbd60000 - 0x00007ffccbd93000 	C:\WINDOWS\system32\rsaenh.dll
0x00007ffccc430000 - 0x00007ffccc455000 	C:\WINDOWS\SYSTEM32\bcrypt.dll
0x00007ffccc860000 - 0x00007ffccc889000 	C:\WINDOWS\SYSTEM32\USERENV.dll
0x00007ffccc340000 - 0x00007ffccc34b000 	C:\WINDOWS\SYSTEM32\CRYPTBASE.dll
0x00007ffccbef0000 - 0x00007ffccbf29000 	C:\WINDOWS\SYSTEM32\IPHLPAPI.DLL
0x00007ffcd02b0000 - 0x00007ffcd02b8000 	C:\WINDOWS\System32\NSI.dll
0x00007ffcc6590000 - 0x00007ffcc65a6000 	C:\WINDOWS\SYSTEM32\dhcpcsvc6.DLL
0x00007ffcc6570000 - 0x00007ffcc658a000 	C:\WINDOWS\SYSTEM32\dhcpcsvc.DLL
0x00007ffcc38d0000 - 0x00007ffcc3968000 	C:\WINDOWS\System32\TextInputFramework.dll
0x00007ffcc79c0000 - 0x00007ffcc7cae000 	C:\WINDOWS\System32\CoreUIComponents.dll
0x00007ffcc9270000 - 0x00007ffcc934c000 	C:\WINDOWS\System32\CoreMessaging.dll
0x00007ffccba60000 - 0x00007ffccba91000 	C:\WINDOWS\SYSTEM32\ntmarta.dll
0x00007ffcca5f0000 - 0x00007ffcca726000 	C:\WINDOWS\SYSTEM32\wintypes.dll
0x00007ffccdb10000 - 0x00007ffccdbae000 	C:\WINDOWS\System32\clbcatq.dll
0x00007ffcc1b10000 - 0x00007ffcc1d16000 	C:\Windows\System32\uiautomationcore.dll
0x00007ffccc790000 - 0x00007ffccc82a000 	C:\WINDOWS\SYSTEM32\sxs.dll
0x00007ffcb3ab0000 - 0x00007ffcb3b1e000 	C:\Windows\System32\OLEACC.dll
0x00007ffcc3f80000 - 0x00007ffcc4001000 	C:\WINDOWS\SYSTEM32\twinapi.dll
0x00007ffccaf00000 - 0x00007ffccb07b000 	C:\WINDOWS\SYSTEM32\twinapi.appcore.dll
0x00007ffccaeb0000 - 0x00007ffccaed0000 	C:\WINDOWS\SYSTEM32\RMCLIENT.dll
0x00007ffcb8620000 - 0x00007ffcb86c6000 	C:\WINDOWS\WinSxS\amd64_microsoft.windows.common-controls_6595b64144ccf1df_5.82.16299.309_none_8875ce284abe80d8\comctl32.dll
0x00007ffccb3b0000 - 0x00007ffccb561000 	C:\WINDOWS\SYSTEM32\PROPSYS.dll
0x00007ffcada60000 - 0x00007ffcada79000 	C:\WINDOWS\SYSTEM32\CLDAPI.dll
0x00007ffcb8020000 - 0x00007ffcb8065000 	C:\WINDOWS\SYSTEM32\AEPIC.dll
0x00007ffcc06e0000 - 0x00007ffcc06ea000 	C:\WINDOWS\SYSTEM32\FLTLIB.DLL
0x00007ffcc7130000 - 0x00007ffcc7724000 	C:\Windows\System32\OneCoreUAPCommonProxyStub.dll
0x00007ffca3d30000 - 0x00007ffca3e57000 	C:\WINDOWS\system32\NetworkExplorer.dll
0x00007ffcc00d0000 - 0x00007ffcc00eb000 	C:\WINDOWS\SYSTEM32\MPR.dll
0x00007ffcc89b0000 - 0x00007ffcc89bb000 	C:\WINDOWS\System32\drprov.dll
0x00007ffccc730000 - 0x00007ffccc785000 	C:\WINDOWS\System32\WINSTA.dll
0x00007ffcc3e30000 - 0x00007ffcc3e46000 	C:\WINDOWS\System32\ntlanman.dll
0x00007ffcc2d00000 - 0x00007ffcc2d1c000 	C:\WINDOWS\System32\davclnt.dll
0x00007ffcc89a0000 - 0x00007ffcc89ac000 	C:\WINDOWS\System32\DAVHLPR.dll
0x00007ffcc8660000 - 0x00007ffcc8677000 	C:\WINDOWS\System32\wkscli.dll
0x00007ffcad840000 - 0x00007ffcad852000 	C:\WINDOWS\SYSTEM32\cscapi.dll
0x00007ffccbff0000 - 0x00007ffccbffe000 	C:\WINDOWS\System32\netutils.dll
0x00007ffcb3f30000 - 0x00007ffcb3f7a000 	C:\Windows\System32\dlnashext.dll
0x00007ffcb75c0000 - 0x00007ffcb7623000 	C:\Windows\System32\PlayToDevice.dll
0x00007ffcc08c0000 - 0x00007ffcc08df000 	C:\Windows\System32\DevDispItemProvider.dll
0x00007ffcc8180000 - 0x00007ffcc81ef000 	C:\WINDOWS\System32\MMDevApi.dll
0x00007ffccc6e0000 - 0x00007ffccc707000 	C:\WINDOWS\System32\DEVOBJ.dll
0x00007ffca2a30000 - 0x00007ffca2c0f000 	C:\WINDOWS\system32\wpdshext.dll
0x00007ffcb4460000 - 0x00007ffcb45fc000 	C:\WINDOWS\WinSxS\amd64_microsoft.windows.gdiplus_6595b64144ccf1df_1.1.16299.309_none_46bac7a9edf0e4df\gdiplus.dll
0x00007ffccb200000 - 0x00007ffccb2a0000 	C:\Windows\System32\PortableDeviceApi.dll
0x00007ffccfd40000 - 0x00007ffcd018e000 	C:\WINDOWS\System32\SETUPAPI.dll
0x00007ffcccd00000 - 0x00007ffcccd58000 	C:\WINDOWS\System32\WINTRUST.dll
0x00007ffccc9c0000 - 0x00007ffccc9d2000 	C:\WINDOWS\System32\MSASN1.dll
0x00007ffcccb30000 - 0x00007ffccccfe000 	C:\WINDOWS\System32\CRYPT32.dll
0x00007ffcb76f0000 - 0x00007ffcb7726000 	C:\Windows\System32\EhStorShell.dll
0x00007ffcc0830000 - 0x00007ffcc0855000 	C:\Windows\System32\EhStorAPI.dll
0x00007ffcc8c70000 - 0x00007ffcc8c83000 	C:\Windows\System32\WTSAPI32.dll
0x00007ffcca0c0000 - 0x00007ffcca0d0000 	C:\WINDOWS\SYSTEM32\LINKINFO.dll
0x00007ffcc7fd0000 - 0x00007ffcc817b000 	C:\WINDOWS\SYSTEM32\WindowsCodecs.dll
0x00007ffcadf50000 - 0x00007ffcadf9f000 	C:\WINDOWS\system32\dataexchange.dll
0x00007ffcca300000 - 0x00007ffcca5e2000 	C:\WINDOWS\system32\d3d11.dll
0x00007ffcc8cc0000 - 0x00007ffcc8e02000 	C:\WINDOWS\system32\dcomp.dll
0x00007ffccb790000 - 0x00007ffccb83f000 	C:\WINDOWS\system32\dxgi.dll
0x000000005ccc0000 - 0x000000005ccea000 	C:\Program Files\Java\jre1.8.0_25\bin\dcpr.dll
0x00007ffcbe2f0000 - 0x00007ffcbe4b8000 	C:\WINDOWS\SYSTEM32\dbghelp.dll

VM Arguments:
jvm_args: -Dfile.encoding=Cp1252 
java_command: cloudsim.ext.gui.GuiMain
java_class_path (initial): C:\Users\Lucia Okeh\Documents\GitHub\Atlas\CloudAnalyst\classes;C:\Users\Lucia Okeh\Documents\GitHub\Atlas\CloudAnalyst\jars\gridsim.jar;C:\Users\Lucia Okeh\Documents\GitHub\Atlas\CloudAnalyst\jars\simjava2.jar;C:\Users\Lucia Okeh\Documents\GitHub\Atlas\CloudAnalyst\jars\iText-2.1.5.jar
Launcher Type: SUN_STANDARD

Environment Variables:
JAVA_HOME=C:\Program Files (x86)\Java\jdk.1.8.0_25
PATH=C:/Program Files/Java/jre1.8.0_25/bin/server;C:/Program Files/Java/jre1.8.0_25/bin;C:/Program Files/Java/jre1.8.0_25/lib/amd64;C:\ProgramData\Oracle\Java\javapath;C:\Program Files (x86)\Intel\iCLS Client\;C:\Program Files\Intel\iCLS Client\;C:\WINDOWS\system32;C:\WINDOWS;C:\WINDOWS\System32\Wbem;C:\WINDOWS\System32\WindowsPowerShell\v1.0\;C:\Program Files (x86)\Windows Live\Shared;C:\Program Files (x86)\Intel\OpenCL SDK\2.0\bin\x86;C:\Program Files (x86)\Intel\OpenCL SDK\2.0\bin\x64;C:\Program Files (x86)\Microsoft SQL Server\100\Tools\Binn\;C:\Program Files\Microsoft SQL Server\100\Tools\Binn\;C:\Program Files\Microsoft SQL Server\100\DTS\Binn\c'\pik;C:\Program Files (x86)\Java\jdk.1.8.0_25\bin;C:\Program Files (x86)\GtkSharp\2.12\bin;C:\Program Files\Intel\Intel(R) Management Engine Components\DAL;C:\Program Files\Intel\Intel(R) Management Engine Components\IPT;C:\Program Files (x86)\Intel\Intel(R) Management Engine Components\DAL;C:\Program Files (x86)\Intel\Intel(R) Management Engine Components\IPT;C:\Program Files\CMake\bin;C:\OpenCV-3.3.1\opencv\build\x64\vc14\bin;C:\Program Files (x86)\Windows Kits\10\Windows Performance Toolkit\;C:\HashiCorp\Vagrant\bin;C:\Program Files\dotnet\;C:\Program Files (x86)\GnuWin32\bin;C:\Users\Lucia Okeh\AppData\Local\Microsoft\WindowsApps;C:\Program Files (x86)\Microsoft VS Code\bin;C:\Program Files (x86)\SSH Communications Security\SSH Secure Shell;C:\Users\Lucia Okeh\Desktop;
USERNAME=Lucia
OS=Windows_NT
PROCESSOR_IDENTIFIER=Intel64 Family 6 Model 42 Stepping 7, GenuineIntel



---------------  S Y S T E M  ---------------

OS: Windows 8.1 , 64 bit Build 9600 

CPU:total 4 (2 cores per cpu, 2 threads per core) family 6 model 42 stepping 7, cmov, cx8, fxsr, mmx, sse, sse2, sse3, ssse3, sse4.1, sse4.2, popcnt, avx, clmul, ht, tsc, tscinvbit

Memory: 4k page, physical 4075216k(502396k free), swap 7147216k(1044k free)

vm_info: Java HotSpot(TM) 64-Bit Server VM (25.25-b02) for windows-amd64 JRE (1.8.0_25-b18), built on Oct  7 2014 14:25:37 by "java_re" with MS VC++ 10.0 (VS2010)

time: Sun Apr 08 19:29:59 2018
elapsed time: 32 seconds (0d 0h 0m 32s)

